<?xml version="1.0" encoding="UTF-8"?>
<!-- Generated by org.testng.reporters.JUnitReportReporter -->
<testsuite hostname="D5sj3i6KT4" failures="0" tests="2" name="Testcases.ToDoTest" time="14.564" errors="0" timestamp="2024-12-10T18:07:00 EET" skipped="0">
  <testcase classname="Testcases.ToDoTest" name="ableToDeleteToDo" time="6.803"/>
  <testcase classname="Testcases.ToDoTest" name="AddNewTODo" time="7.761"/>
</testsuite> <!-- Testcases.ToDoTest -->
