<?xml version="1.0" encoding="UTF-8"?>
<!-- Generated by org.testng.reporters.JUnitReportReporter -->
<testsuite hostname="D5sj3i6KT4" failures="0" tests="2" name="Testcases.ToDoTest" time="14.553" errors="0" timestamp="2024-12-11T14:31:44 EET" skipped="0">
  <testcase classname="Testcases.ToDoTest" name="ableToDeleteToDo" time="8.329"/>
  <testcase classname="Testcases.ToDoTest" name="AddNewTODo" time="6.224"/>
</testsuite> <!-- Testcases.ToDoTest -->
