<?xml version="1.0" encoding="UTF-8"?>
<!-- Generated by org.testng.reporters.JUnitReportReporter -->
<testsuite hostname="D5sj3i6KT4" failures="0" tests="2" name="Testcases.LoginTest" time="11.638" errors="0" timestamp="2024-12-11T14:31:44 EET" skipped="0">
  <testcase classname="Testcases.LoginTest" name="ableToLogOut" time="7.245"/>
  <testcase classname="Testcases.LoginTest" name="UserCanLogin" time="4.393"/>
</testsuite> <!-- Testcases.LoginTest -->
