<?xml version="1.0" encoding="UTF-8"?>
<!-- Generated by org.testng.reporters.JUnitReportReporter -->
<testsuite hostname="D5sj3i6KT4" failures="0" tests="1" name="Testcases.LoginTest" time="4.710" errors="0" timestamp="2024-12-10T18:07:00 EET" skipped="0">
  <testcase classname="Testcases.LoginTest" name="UserCanLogin" time="4.710"/>
</testsuite> <!-- Testcases.LoginTest -->
